[2020-12-23T18:50:02.421] [DEBUG] cheese - login => username:zs,password:123456
[2020-12-23T18:50:02.446] [DEBUG] cheese - zs
[2020-12-23T18:50:02.525] [DEBUG] cheese - null
[2020-12-23T18:50:02.526] [DEBUG] cheese - null
[2020-12-23T19:12:00.743] [DEBUG] cheese - login => username:snkdn,password:12345678
[2020-12-23T19:12:00.744] [DEBUG] cheese - snkdn
[2020-12-23T19:12:00.831] [DEBUG] cheese - null
[2020-12-23T19:12:00.831] [DEBUG] cheese - null
[2020-12-23T19:13:13.778] [DEBUG] cheese - login => username:1321,password:2134543
[2020-12-23T19:13:13.779] [DEBUG] cheese - 1321
[2020-12-23T19:13:13.793] [DEBUG] cheese - null
[2020-12-23T19:13:13.793] [DEBUG] cheese - null
[2020-12-23T19:46:21.791] [DEBUG] cheese - login => username:zsj,password:123456
[2020-12-23T19:46:21.794] [DEBUG] cheese - zsj
[2020-12-23T19:46:21.891] [DEBUG] cheese - null
[2020-12-23T19:46:21.891] [DEBUG] cheese - null
[2020-12-23T19:46:30.733] [DEBUG] cheese - login => username:zsj,password:123456
[2020-12-23T19:46:30.733] [DEBUG] cheese - zsj
[2020-12-23T19:46:30.735] [DEBUG] cheese - null
[2020-12-23T19:46:30.735] [DEBUG] cheese - null
[2020-12-23T19:46:32.938] [DEBUG] cheese - login => username:zsj,password:123456
[2020-12-23T19:46:32.939] [DEBUG] cheese - zsj
[2020-12-23T19:46:32.942] [DEBUG] cheese - null
[2020-12-23T19:46:32.942] [DEBUG] cheese - null
[2020-12-23T19:46:33.847] [DEBUG] cheese - login => username:zsj,password:123456
[2020-12-23T19:46:33.847] [DEBUG] cheese - zsj
[2020-12-23T19:46:33.848] [DEBUG] cheese - null
[2020-12-23T19:46:33.848] [DEBUG] cheese - null
[2020-12-23T19:46:39.532] [DEBUG] cheese - login => username:zsj,password:123456ss
[2020-12-23T19:46:39.532] [DEBUG] cheese - zsj
[2020-12-23T19:46:39.535] [DEBUG] cheese - null
[2020-12-23T19:46:39.535] [DEBUG] cheese - null
[2020-12-23T19:47:16.623] [DEBUG] cheese - login => username:axks,password:12345645
[2020-12-23T19:47:16.634] [DEBUG] cheese - axks
[2020-12-23T19:47:16.643] [DEBUG] cheese - null
[2020-12-23T19:47:16.643] [DEBUG] cheese - null
[2020-12-23T19:56:48.024] [DEBUG] cheese - login => username:admin,password:123456
[2020-12-23T19:56:48.027] [DEBUG] cheese - admin
[2020-12-23T19:56:48.112] [DEBUG] cheese - null
[2020-12-23T19:56:48.112] [DEBUG] cheese - null
[2020-12-23T19:58:36.876] [DEBUG] cheese - login => username:admin,password:123456
[2020-12-23T19:58:36.877] [DEBUG] cheese - admin
[2020-12-23T19:58:36.886] [DEBUG] cheese - null
[2020-12-23T19:58:36.886] [DEBUG] cheese - null
[2020-12-23T19:59:03.521] [DEBUG] cheese - login => username:admin,password:123456
[2020-12-23T19:59:03.522] [DEBUG] cheese - admin
[2020-12-23T19:59:03.525] [DEBUG] cheese - null
[2020-12-23T19:59:03.525] [DEBUG] cheese - null
[2020-12-23T19:59:23.197] [DEBUG] cheese - login => username:admin,password:123456
[2020-12-23T19:59:23.197] [DEBUG] cheese - admin
[2020-12-23T19:59:23.210] [DEBUG] cheese - null
[2020-12-23T19:59:23.210] [DEBUG] cheese - null
[2020-12-23T20:01:14.269] [DEBUG] cheese - login => username:admin,password:123456
[2020-12-23T20:01:14.269] [DEBUG] cheese - admin
[2020-12-23T20:01:14.320] [DEBUG] cheese - null
[2020-12-23T20:01:14.320] [DEBUG] cheese - null
[2020-12-23T20:01:21.151] [DEBUG] cheese - login => username:admin,password:123456
[2020-12-23T20:01:21.152] [DEBUG] cheese - admin
[2020-12-23T20:01:21.153] [DEBUG] cheese - null
[2020-12-23T20:01:21.154] [DEBUG] cheese - null
[2020-12-23T20:02:57.189] [DEBUG] cheese - login => username:admin,password:123456
[2020-12-23T20:02:57.189] [DEBUG] cheese - admin
[2020-12-23T20:02:57.192] [DEBUG] cheese - null
[2020-12-23T20:02:57.192] [DEBUG] cheese - null
[2020-12-23T20:03:04.033] [DEBUG] cheese - login => username:admin,password:123456
[2020-12-23T20:03:04.033] [DEBUG] cheese - admin
[2020-12-23T20:03:04.037] [DEBUG] cheese - null
[2020-12-23T20:03:04.037] [DEBUG] cheese - null
[2020-12-23T20:04:16.858] [DEBUG] cheese - login => username:admin,password:123456
[2020-12-23T20:04:16.859] [DEBUG] cheese - admin
[2020-12-23T20:04:16.863] [DEBUG] cheese - null
[2020-12-23T20:04:16.864] [DEBUG] cheese - null
[2020-12-23T20:04:32.953] [DEBUG] cheese - login => username:admin,password:123456
[2020-12-23T20:04:32.953] [DEBUG] cheese - admin
[2020-12-23T20:04:32.955] [DEBUG] cheese - null
[2020-12-23T20:04:32.955] [DEBUG] cheese - null
[2020-12-23T20:08:16.667] [DEBUG] cheese - login => username:admin,password:123456
[2020-12-23T20:08:16.668] [DEBUG] cheese - admin
[2020-12-23T20:08:16.743] [DEBUG] cheese - null
[2020-12-23T20:08:16.743] [DEBUG] cheese - null
[2020-12-23T20:17:17.479] [DEBUG] cheese - login => username:admin,password:123456
[2020-12-23T20:17:17.480] [DEBUG] cheese - admin
[2020-12-23T20:17:17.556] [DEBUG] cheese - null
[2020-12-23T20:17:17.557] [DEBUG] cheese - null
[2020-12-23T20:17:53.991] [DEBUG] cheese - login => username:sadm,password:123465
[2020-12-23T20:17:53.992] [DEBUG] cheese - sadm
[2020-12-23T20:17:53.996] [DEBUG] cheese - null
[2020-12-23T20:17:53.996] [DEBUG] cheese - null
[2020-12-23T20:26:08.975] [DEBUG] cheese - login => username:admin,password:123456
[2020-12-23T20:26:08.975] [DEBUG] cheese - admin
[2020-12-23T20:26:09.013] [DEBUG] cheese - null
[2020-12-23T20:26:09.014] [DEBUG] cheese - null
[2020-12-24T21:36:12.000] [DEBUG] cheese - login => username:admin,password:121212
[2020-12-24T21:36:12.003] [DEBUG] cheese - admin
[2020-12-24T21:36:12.060] [DEBUG] cheese - null
[2020-12-24T21:36:12.061] [DEBUG] cheese - null
[2020-12-24T21:36:12.432] [DEBUG] cheese - login => username:admin,password:121212
[2020-12-24T21:36:12.432] [DEBUG] cheese - admin
[2020-12-24T21:36:12.435] [DEBUG] cheese - null
[2020-12-24T21:36:12.435] [DEBUG] cheese - null
[2020-12-24T21:36:12.616] [DEBUG] cheese - login => username:admin,password:121212
[2020-12-24T21:36:12.616] [DEBUG] cheese - admin
[2020-12-24T21:36:12.618] [DEBUG] cheese - null
[2020-12-24T21:36:12.619] [DEBUG] cheese - null
[2020-12-24T21:36:12.790] [DEBUG] cheese - login => username:admin,password:121212
[2020-12-24T21:36:12.790] [DEBUG] cheese - admin
[2020-12-24T21:36:12.792] [DEBUG] cheese - null
[2020-12-24T21:36:12.793] [DEBUG] cheese - null
[2020-12-24T21:36:12.958] [DEBUG] cheese - login => username:admin,password:121212
[2020-12-24T21:36:12.958] [DEBUG] cheese - admin
[2020-12-24T21:36:12.960] [DEBUG] cheese - null
[2020-12-24T21:36:12.960] [DEBUG] cheese - null
[2020-12-24T21:36:13.127] [DEBUG] cheese - login => username:admin,password:121212
[2020-12-24T21:36:13.127] [DEBUG] cheese - admin
[2020-12-24T21:36:13.129] [DEBUG] cheese - null
[2020-12-24T21:36:13.129] [DEBUG] cheese - null
[2020-12-24T21:36:13.294] [DEBUG] cheese - login => username:admin,password:121212
[2020-12-24T21:36:13.294] [DEBUG] cheese - admin
[2020-12-24T21:36:13.296] [DEBUG] cheese - null
[2020-12-24T21:36:13.296] [DEBUG] cheese - null
[2020-12-24T21:36:13.455] [DEBUG] cheese - login => username:admin,password:121212
[2020-12-24T21:36:13.455] [DEBUG] cheese - admin
[2020-12-24T21:36:13.457] [DEBUG] cheese - null
[2020-12-24T21:36:13.457] [DEBUG] cheese - null
[2020-12-24T21:39:06.852] [DEBUG] cheese - login => username:admin,password:1222222
[2020-12-24T21:39:06.854] [DEBUG] cheese - admin
[2020-12-24T21:39:06.868] [DEBUG] cheese - null
[2020-12-24T21:39:06.868] [DEBUG] cheese - null
[2020-12-24T21:39:06.955] [DEBUG] cheese - login => username:admin,password:1222222
[2020-12-24T21:39:06.955] [DEBUG] cheese - admin
[2020-12-24T21:39:06.964] [DEBUG] cheese - null
[2020-12-24T21:39:06.965] [DEBUG] cheese - null
[2020-12-24T21:39:07.106] [DEBUG] cheese - login => username:admin,password:1222222
[2020-12-24T21:39:07.106] [DEBUG] cheese - admin
[2020-12-24T21:39:07.109] [DEBUG] cheese - null
[2020-12-24T21:39:07.109] [DEBUG] cheese - null
[2020-12-24T21:39:07.288] [DEBUG] cheese - login => username:admin,password:1222222
[2020-12-24T21:39:07.288] [DEBUG] cheese - admin
[2020-12-24T21:39:07.293] [DEBUG] cheese - null
[2020-12-24T21:39:07.294] [DEBUG] cheese - null
[2020-12-24T21:39:07.464] [DEBUG] cheese - login => username:admin,password:1222222
[2020-12-24T21:39:07.464] [DEBUG] cheese - admin
[2020-12-24T21:39:07.471] [DEBUG] cheese - null
[2020-12-24T21:39:07.471] [DEBUG] cheese - null
[2020-12-24T21:39:07.635] [DEBUG] cheese - login => username:admin,password:1222222
[2020-12-24T21:39:07.635] [DEBUG] cheese - admin
[2020-12-24T21:39:07.637] [DEBUG] cheese - null
[2020-12-24T21:39:07.637] [DEBUG] cheese - null
[2020-12-24T21:39:07.796] [DEBUG] cheese - login => username:admin,password:1222222
[2020-12-24T21:39:07.797] [DEBUG] cheese - admin
[2020-12-24T21:39:07.801] [DEBUG] cheese - null
[2020-12-24T21:39:07.801] [DEBUG] cheese - null
[2020-12-24T21:39:07.967] [DEBUG] cheese - login => username:admin,password:1222222
[2020-12-24T21:39:07.967] [DEBUG] cheese - admin
[2020-12-24T21:39:07.969] [DEBUG] cheese - null
[2020-12-24T21:39:07.969] [DEBUG] cheese - null
[2020-12-24T21:40:05.532] [DEBUG] cheese - login => username:admin,password:121212121
[2020-12-24T21:40:05.533] [DEBUG] cheese - admin
[2020-12-24T21:40:05.538] [DEBUG] cheese - null
[2020-12-24T21:40:05.538] [DEBUG] cheese - null
[2020-12-24T21:40:05.871] [DEBUG] cheese - login => username:admin,password:121212121
[2020-12-24T21:40:05.871] [DEBUG] cheese - admin
[2020-12-24T21:40:05.874] [DEBUG] cheese - null
[2020-12-24T21:40:05.874] [DEBUG] cheese - null
[2020-12-24T21:40:06.109] [DEBUG] cheese - login => username:admin,password:121212121
[2020-12-24T21:40:06.109] [DEBUG] cheese - admin
[2020-12-24T21:40:06.113] [DEBUG] cheese - null
[2020-12-24T21:40:06.114] [DEBUG] cheese - null
[2020-12-24T21:40:06.304] [DEBUG] cheese - login => username:admin,password:121212121
[2020-12-24T21:40:06.304] [DEBUG] cheese - admin
[2020-12-24T21:40:06.306] [DEBUG] cheese - null
[2020-12-24T21:40:06.312] [DEBUG] cheese - null
[2020-12-24T21:40:06.487] [DEBUG] cheese - login => username:admin,password:121212121
[2020-12-24T21:40:06.487] [DEBUG] cheese - admin
[2020-12-24T21:40:06.488] [DEBUG] cheese - null
[2020-12-24T21:40:06.488] [DEBUG] cheese - null
[2020-12-24T21:40:06.665] [DEBUG] cheese - login => username:admin,password:121212121
[2020-12-24T21:40:06.665] [DEBUG] cheese - admin
[2020-12-24T21:40:06.667] [DEBUG] cheese - null
[2020-12-24T21:40:06.667] [DEBUG] cheese - null
[2020-12-24T21:41:00.745] [DEBUG] cheese - login => username:admin,password:123456
[2020-12-24T21:41:00.746] [DEBUG] cheese - admin
[2020-12-24T21:41:00.747] [DEBUG] cheese - null
[2020-12-24T21:41:00.747] [DEBUG] cheese - null
[2020-12-24T21:41:08.860] [DEBUG] cheese - login => username:admin,password:12121212
[2020-12-24T21:41:08.860] [DEBUG] cheese - admin
[2020-12-24T21:41:08.862] [DEBUG] cheese - null
[2020-12-24T21:41:08.862] [DEBUG] cheese - null
[2020-12-24T21:41:09.094] [DEBUG] cheese - login => username:admin,password:12121212
[2020-12-24T21:41:09.095] [DEBUG] cheese - admin
[2020-12-24T21:41:09.096] [DEBUG] cheese - null
[2020-12-24T21:41:09.096] [DEBUG] cheese - null
[2020-12-24T21:41:09.301] [DEBUG] cheese - login => username:admin,password:12121212
[2020-12-24T21:41:09.301] [DEBUG] cheese - admin
[2020-12-24T21:41:09.303] [DEBUG] cheese - null
[2020-12-24T21:41:09.304] [DEBUG] cheese - null
[2020-12-24T21:41:09.465] [DEBUG] cheese - login => username:admin,password:12121212
[2020-12-24T21:41:09.465] [DEBUG] cheese - admin
[2020-12-24T21:41:09.467] [DEBUG] cheese - null
[2020-12-24T21:41:09.467] [DEBUG] cheese - null
[2020-12-24T21:41:09.640] [DEBUG] cheese - login => username:admin,password:12121212
[2020-12-24T21:41:09.640] [DEBUG] cheese - admin
[2020-12-24T21:41:09.644] [DEBUG] cheese - null
[2020-12-24T21:41:09.644] [DEBUG] cheese - null
[2020-12-24T21:41:09.810] [DEBUG] cheese - login => username:admin,password:12121212
[2020-12-24T21:41:09.810] [DEBUG] cheese - admin
[2020-12-24T21:41:09.811] [DEBUG] cheese - null
[2020-12-24T21:41:09.811] [DEBUG] cheese - null
[2020-12-24T21:41:09.985] [DEBUG] cheese - login => username:admin,password:12121212
[2020-12-24T21:41:09.985] [DEBUG] cheese - admin
[2020-12-24T21:41:09.987] [DEBUG] cheese - null
[2020-12-24T21:41:09.987] [DEBUG] cheese - null
[2020-12-24T21:41:10.163] [DEBUG] cheese - login => username:admin,password:12121212
[2020-12-24T21:41:10.164] [DEBUG] cheese - admin
[2020-12-24T21:41:10.166] [DEBUG] cheese - null
[2020-12-24T21:41:10.166] [DEBUG] cheese - null
[2020-12-24T21:41:58.921] [DEBUG] cheese - login => username:admins,password:112313132
[2020-12-24T21:41:58.921] [DEBUG] cheese - admins
[2020-12-24T21:41:58.924] [DEBUG] cheese - null
[2020-12-24T21:41:58.924] [DEBUG] cheese - null
[2020-12-24T21:41:59.313] [DEBUG] cheese - login => username:admins,password:112313132
[2020-12-24T21:41:59.313] [DEBUG] cheese - admins
[2020-12-24T21:41:59.316] [DEBUG] cheese - null
[2020-12-24T21:41:59.316] [DEBUG] cheese - null
[2020-12-24T21:41:59.596] [DEBUG] cheese - login => username:admins,password:112313132
[2020-12-24T21:41:59.596] [DEBUG] cheese - admins
[2020-12-24T21:41:59.598] [DEBUG] cheese - null
[2020-12-24T21:41:59.598] [DEBUG] cheese - null
[2020-12-24T21:41:59.792] [DEBUG] cheese - login => username:admins,password:112313132
[2020-12-24T21:41:59.793] [DEBUG] cheese - admins
[2020-12-24T21:41:59.795] [DEBUG] cheese - null
[2020-12-24T21:41:59.795] [DEBUG] cheese - null
[2020-12-24T21:41:59.977] [DEBUG] cheese - login => username:admins,password:112313132
[2020-12-24T21:41:59.977] [DEBUG] cheese - admins
[2020-12-24T21:41:59.979] [DEBUG] cheese - null
[2020-12-24T21:41:59.979] [DEBUG] cheese - null
[2020-12-24T21:42:04.571] [DEBUG] cheese - login => username:admins,password:112313132
[2020-12-24T21:42:04.571] [DEBUG] cheese - admins
[2020-12-24T21:42:04.574] [DEBUG] cheese - null
[2020-12-24T21:42:04.574] [DEBUG] cheese - null
[2020-12-24T21:42:04.731] [DEBUG] cheese - login => username:admins,password:112313132
[2020-12-24T21:42:04.731] [DEBUG] cheese - admins
[2020-12-24T21:42:04.733] [DEBUG] cheese - null
[2020-12-24T21:42:04.733] [DEBUG] cheese - null
[2020-12-24T21:42:04.924] [DEBUG] cheese - login => username:admins,password:112313132
[2020-12-24T21:42:04.924] [DEBUG] cheese - admins
[2020-12-24T21:42:04.927] [DEBUG] cheese - null
[2020-12-24T21:42:04.927] [DEBUG] cheese - null
[2020-12-24T21:42:05.091] [DEBUG] cheese - login => username:admins,password:112313132
[2020-12-24T21:42:05.091] [DEBUG] cheese - admins
[2020-12-24T21:42:05.093] [DEBUG] cheese - null
[2020-12-24T21:42:05.093] [DEBUG] cheese - null
[2020-12-24T21:43:05.988] [DEBUG] cheese - login => username:admin,password:13213245
[2020-12-24T21:43:05.988] [DEBUG] cheese - admin
[2020-12-24T21:43:05.999] [DEBUG] cheese - null
[2020-12-24T21:43:05.999] [DEBUG] cheese - null
[2020-12-24T21:43:06.488] [DEBUG] cheese - login => username:admin,password:13213245
[2020-12-24T21:43:06.488] [DEBUG] cheese - admin
[2020-12-24T21:43:06.497] [DEBUG] cheese - null
[2020-12-24T21:43:06.497] [DEBUG] cheese - null
[2020-12-24T21:43:06.928] [DEBUG] cheese - login => username:admin,password:13213245
[2020-12-24T21:43:06.928] [DEBUG] cheese - admin
[2020-12-24T21:43:06.935] [DEBUG] cheese - null
[2020-12-24T21:43:06.936] [DEBUG] cheese - null
[2020-12-24T21:43:07.184] [DEBUG] cheese - login => username:admin,password:13213245
[2020-12-24T21:43:07.184] [DEBUG] cheese - admin
[2020-12-24T21:43:07.191] [DEBUG] cheese - null
[2020-12-24T21:43:07.191] [DEBUG] cheese - null
[2020-12-24T21:43:07.375] [DEBUG] cheese - login => username:admin,password:13213245
[2020-12-24T21:43:07.376] [DEBUG] cheese - admin
[2020-12-24T21:43:07.379] [DEBUG] cheese - null
[2020-12-24T21:43:07.379] [DEBUG] cheese - null
[2020-12-24T21:44:48.376] [DEBUG] cheese - login => username:admin,password:132432121
[2020-12-24T21:44:48.377] [DEBUG] cheese - admin
[2020-12-24T21:44:48.380] [DEBUG] cheese - null
[2020-12-24T21:44:48.380] [DEBUG] cheese - null
[2020-12-24T21:44:48.843] [DEBUG] cheese - login => username:admin,password:132432121
[2020-12-24T21:44:48.843] [DEBUG] cheese - admin
[2020-12-24T21:44:48.847] [DEBUG] cheese - null
[2020-12-24T21:44:48.847] [DEBUG] cheese - null
[2020-12-24T21:44:49.056] [DEBUG] cheese - login => username:admin,password:132432121
[2020-12-24T21:44:49.056] [DEBUG] cheese - admin
[2020-12-24T21:44:49.058] [DEBUG] cheese - null
[2020-12-24T21:44:49.058] [DEBUG] cheese - null
[2020-12-24T21:44:49.238] [DEBUG] cheese - login => username:admin,password:132432121
[2020-12-24T21:44:49.239] [DEBUG] cheese - admin
[2020-12-24T21:44:49.242] [DEBUG] cheese - null
[2020-12-24T21:44:49.242] [DEBUG] cheese - null
[2020-12-24T21:44:49.406] [DEBUG] cheese - login => username:admin,password:132432121
[2020-12-24T21:44:49.407] [DEBUG] cheese - admin
[2020-12-24T21:44:49.414] [DEBUG] cheese - null
[2020-12-24T21:44:49.414] [DEBUG] cheese - null
[2020-12-24T21:44:49.579] [DEBUG] cheese - login => username:admin,password:132432121
[2020-12-24T21:44:49.579] [DEBUG] cheese - admin
[2020-12-24T21:44:49.583] [DEBUG] cheese - null
[2020-12-24T21:44:49.584] [DEBUG] cheese - null
[2020-12-24T21:44:49.767] [DEBUG] cheese - login => username:admin,password:132432121
[2020-12-24T21:44:49.767] [DEBUG] cheese - admin
[2020-12-24T21:44:49.769] [DEBUG] cheese - null
[2020-12-24T21:44:49.769] [DEBUG] cheese - null
[2020-12-24T21:44:49.919] [DEBUG] cheese - login => username:admin,password:132432121
[2020-12-24T21:44:49.919] [DEBUG] cheese - admin
[2020-12-24T21:44:49.925] [DEBUG] cheese - null
[2020-12-24T21:44:49.925] [DEBUG] cheese - null
[2020-12-24T21:44:50.088] [DEBUG] cheese - login => username:admin,password:132432121
[2020-12-24T21:44:50.088] [DEBUG] cheese - admin
[2020-12-24T21:44:50.099] [DEBUG] cheese - null
[2020-12-24T21:44:50.100] [DEBUG] cheese - null
[2020-12-24T21:44:50.251] [DEBUG] cheese - login => username:admin,password:132432121
[2020-12-24T21:44:50.251] [DEBUG] cheese - admin
[2020-12-24T21:44:50.253] [DEBUG] cheese - null
[2020-12-24T21:44:50.263] [DEBUG] cheese - null
[2020-12-24T21:44:50.432] [DEBUG] cheese - login => username:admin,password:132432121
[2020-12-24T21:44:50.432] [DEBUG] cheese - admin
[2020-12-24T21:44:50.434] [DEBUG] cheese - null
[2020-12-24T21:44:50.434] [DEBUG] cheese - null
[2020-12-24T21:44:50.591] [DEBUG] cheese - login => username:admin,password:132432121
[2020-12-24T21:44:50.591] [DEBUG] cheese - admin
[2020-12-24T21:44:50.597] [DEBUG] cheese - null
[2020-12-24T21:44:50.597] [DEBUG] cheese - null
[2020-12-24T21:45:13.590] [DEBUG] cheese - login => username:admin,password:211312
[2020-12-24T21:45:13.590] [DEBUG] cheese - admin
[2020-12-24T21:45:13.595] [DEBUG] cheese - null
[2020-12-24T21:45:13.595] [DEBUG] cheese - null
[2020-12-24T21:45:13.779] [DEBUG] cheese - login => username:admin,password:211312
[2020-12-24T21:45:13.779] [DEBUG] cheese - admin
[2020-12-24T21:45:13.786] [DEBUG] cheese - null
[2020-12-24T21:45:13.787] [DEBUG] cheese - null
[2020-12-24T21:45:13.984] [DEBUG] cheese - login => username:admin,password:211312
[2020-12-24T21:45:13.985] [DEBUG] cheese - admin
[2020-12-24T21:45:13.986] [DEBUG] cheese - null
[2020-12-24T21:45:13.986] [DEBUG] cheese - null
[2020-12-24T21:45:14.152] [DEBUG] cheese - login => username:admin,password:211312
[2020-12-24T21:45:14.152] [DEBUG] cheese - admin
[2020-12-24T21:45:14.155] [DEBUG] cheese - null
[2020-12-24T21:45:14.155] [DEBUG] cheese - null
[2020-12-24T21:45:14.327] [DEBUG] cheese - login => username:admin,password:211312
[2020-12-24T21:45:14.327] [DEBUG] cheese - admin
[2020-12-24T21:45:14.329] [DEBUG] cheese - null
[2020-12-24T21:45:14.329] [DEBUG] cheese - null
[2020-12-24T21:45:14.411] [DEBUG] cheese - login => username:admin,password:211312
[2020-12-24T21:45:14.411] [DEBUG] cheese - admin
[2020-12-24T21:45:14.414] [DEBUG] cheese - null
[2020-12-24T21:45:14.414] [DEBUG] cheese - null
[2020-12-24T21:45:47.883] [DEBUG] cheese - login => username:安达市多,password:asdsdasds
[2020-12-24T21:45:47.884] [DEBUG] cheese - 安达市多
[2020-12-24T21:45:47.887] [DEBUG] cheese - login => username:安达市多,password:asdsdasds
[2020-12-24T21:45:47.887] [DEBUG] cheese - 安达市多
[2020-12-24T21:45:47.917] [DEBUG] cheese - null
[2020-12-24T21:45:47.917] [DEBUG] cheese - null
[2020-12-24T21:45:47.957] [DEBUG] cheese - null
[2020-12-24T21:45:47.957] [DEBUG] cheese - null
[2020-12-24T21:46:13.057] [DEBUG] cheese - login => username:adas是,password:sdsdsdsd
[2020-12-24T21:46:13.057] [DEBUG] cheese - adas是
[2020-12-24T21:46:13.060] [DEBUG] cheese - null
[2020-12-24T21:46:13.060] [DEBUG] cheese - null
[2020-12-24T21:46:44.857] [DEBUG] cheese - login => username:132131,password:213123132121
[2020-12-24T21:46:44.857] [DEBUG] cheese - 132131
[2020-12-24T21:46:44.862] [DEBUG] cheese - null
[2020-12-24T21:46:44.863] [DEBUG] cheese - null
[2020-12-24T21:46:45.593] [DEBUG] cheese - login => username:132131,password:213123132121
[2020-12-24T21:46:45.593] [DEBUG] cheese - 132131
[2020-12-24T21:46:45.595] [DEBUG] cheese - null
[2020-12-24T21:46:45.595] [DEBUG] cheese - null
[2020-12-24T21:46:45.869] [DEBUG] cheese - login => username:132131,password:213123132121
[2020-12-24T21:46:45.869] [DEBUG] cheese - 132131
[2020-12-24T21:46:45.871] [DEBUG] cheese - null
[2020-12-24T21:46:45.871] [DEBUG] cheese - null
[2020-12-24T21:46:46.064] [DEBUG] cheese - login => username:132131,password:213123132121
[2020-12-24T21:46:46.064] [DEBUG] cheese - 132131
[2020-12-24T21:46:46.072] [DEBUG] cheese - null
[2020-12-24T21:46:46.073] [DEBUG] cheese - null
[2020-12-24T21:46:46.235] [DEBUG] cheese - login => username:132131,password:213123132121
[2020-12-24T21:46:46.235] [DEBUG] cheese - 132131
[2020-12-24T21:46:46.237] [DEBUG] cheese - null
[2020-12-24T21:46:46.237] [DEBUG] cheese - null
[2020-12-24T21:47:20.791] [DEBUG] cheese - login => username:13213151,password:45135121231
[2020-12-24T21:47:20.791] [DEBUG] cheese - 13213151
[2020-12-24T21:47:20.793] [DEBUG] cheese - null
[2020-12-24T21:47:20.793] [DEBUG] cheese - null
[2020-12-24T21:47:21.497] [DEBUG] cheese - login => username:13213151,password:45135121231
[2020-12-24T21:47:21.497] [DEBUG] cheese - 13213151
[2020-12-24T21:47:21.498] [DEBUG] cheese - null
[2020-12-24T21:47:21.498] [DEBUG] cheese - null
[2020-12-24T21:47:21.879] [DEBUG] cheese - login => username:13213151,password:45135121231
[2020-12-24T21:47:21.879] [DEBUG] cheese - 13213151
[2020-12-24T21:47:21.881] [DEBUG] cheese - null
[2020-12-24T21:47:21.881] [DEBUG] cheese - null
[2020-12-24T21:47:22.104] [DEBUG] cheese - login => username:13213151,password:45135121231
[2020-12-24T21:47:22.104] [DEBUG] cheese - 13213151
[2020-12-24T21:47:22.106] [DEBUG] cheese - null
[2020-12-24T21:47:22.106] [DEBUG] cheese - null
[2020-12-24T21:47:22.282] [DEBUG] cheese - login => username:13213151,password:45135121231
[2020-12-24T21:47:22.283] [DEBUG] cheese - 13213151
[2020-12-24T21:47:22.285] [DEBUG] cheese - null
[2020-12-24T21:47:22.285] [DEBUG] cheese - null
[2020-12-24T21:47:23.543] [DEBUG] cheese - login => username:13213151,password:45135121231
[2020-12-24T21:47:23.543] [DEBUG] cheese - 13213151
[2020-12-24T21:47:23.546] [DEBUG] cheese - null
[2020-12-24T21:47:23.546] [DEBUG] cheese - null
[2020-12-24T21:47:23.719] [DEBUG] cheese - login => username:13213151,password:45135121231
[2020-12-24T21:47:23.720] [DEBUG] cheese - 13213151
[2020-12-24T21:47:23.722] [DEBUG] cheese - null
[2020-12-24T21:47:23.722] [DEBUG] cheese - null
[2020-12-24T21:47:23.905] [DEBUG] cheese - login => username:13213151,password:45135121231
[2020-12-24T21:47:23.905] [DEBUG] cheese - 13213151
[2020-12-24T21:47:23.907] [DEBUG] cheese - null
[2020-12-24T21:47:23.907] [DEBUG] cheese - null
[2020-12-24T21:47:25.933] [DEBUG] cheese - login => username:13213151,password:45135121231
[2020-12-24T21:47:25.933] [DEBUG] cheese - 13213151
[2020-12-24T21:47:25.936] [DEBUG] cheese - null
[2020-12-24T21:47:25.937] [DEBUG] cheese - null
[2020-12-24T21:47:26.114] [DEBUG] cheese - login => username:13213151,password:45135121231
[2020-12-24T21:47:26.114] [DEBUG] cheese - 13213151
[2020-12-24T21:47:26.116] [DEBUG] cheese - null
[2020-12-24T21:47:26.116] [DEBUG] cheese - null
[2020-12-24T21:47:29.297] [DEBUG] cheese - login => username:13213151,password:45135121231
[2020-12-24T21:47:29.297] [DEBUG] cheese - 13213151
[2020-12-24T21:47:29.298] [DEBUG] cheese - null
[2020-12-24T21:47:29.298] [DEBUG] cheese - null
[2020-12-24T21:47:29.474] [DEBUG] cheese - login => username:13213151,password:45135121231
[2020-12-24T21:47:29.474] [DEBUG] cheese - 13213151
[2020-12-24T21:47:29.475] [DEBUG] cheese - null
[2020-12-24T21:47:29.475] [DEBUG] cheese - null
[2020-12-24T21:47:55.148] [DEBUG] cheese - login => username:dsadas,password:adasdasda
[2020-12-24T21:47:55.148] [DEBUG] cheese - dsadas
[2020-12-24T21:47:55.150] [DEBUG] cheese - null
[2020-12-24T21:47:55.150] [DEBUG] cheese - null
[2020-12-24T21:47:55.659] [DEBUG] cheese - login => username:dsadas,password:adasdasda
[2020-12-24T21:47:55.659] [DEBUG] cheese - dsadas
[2020-12-24T21:47:55.663] [DEBUG] cheese - null
[2020-12-24T21:47:55.663] [DEBUG] cheese - null
[2020-12-24T21:47:56.264] [DEBUG] cheese - login => username:dsadas,password:adasdasda
[2020-12-24T21:47:56.264] [DEBUG] cheese - dsadas
[2020-12-24T21:47:56.265] [DEBUG] cheese - null
[2020-12-24T21:47:56.266] [DEBUG] cheese - null
[2020-12-24T21:47:56.442] [DEBUG] cheese - login => username:dsadas,password:adasdasda
[2020-12-24T21:47:56.443] [DEBUG] cheese - dsadas
[2020-12-24T21:47:56.445] [DEBUG] cheese - null
[2020-12-24T21:47:56.445] [DEBUG] cheese - null
[2020-12-24T21:47:59.725] [DEBUG] cheese - login => username:dsadas,password:adasdasda
[2020-12-24T21:47:59.725] [DEBUG] cheese - dsadas
[2020-12-24T21:47:59.727] [DEBUG] cheese - null
[2020-12-24T21:47:59.727] [DEBUG] cheese - null
[2020-12-24T21:47:59.920] [DEBUG] cheese - login => username:dsadas,password:adasdasda
[2020-12-24T21:47:59.920] [DEBUG] cheese - dsadas
[2020-12-24T21:47:59.922] [DEBUG] cheese - null
[2020-12-24T21:47:59.922] [DEBUG] cheese - null
[2020-12-24T21:50:35.733] [DEBUG] cheese - login => username:121321,password:123123123123
[2020-12-24T21:50:35.733] [DEBUG] cheese - 121321
[2020-12-24T21:50:35.736] [DEBUG] cheese - null
[2020-12-24T21:50:35.736] [DEBUG] cheese - null
[2020-12-24T21:50:54.598] [DEBUG] cheese - login => username:sdasd,password:2131543212
[2020-12-24T21:50:54.598] [DEBUG] cheese - sdasd
[2020-12-24T21:50:54.602] [DEBUG] cheese - null
[2020-12-24T21:50:54.602] [DEBUG] cheese - null
[2020-12-24T21:50:55.082] [DEBUG] cheese - login => username:sdasd,password:2131543212
[2020-12-24T21:50:55.082] [DEBUG] cheese - sdasd
[2020-12-24T21:50:55.085] [DEBUG] cheese - null
[2020-12-24T21:50:55.085] [DEBUG] cheese - null
[2020-12-24T21:50:55.442] [DEBUG] cheese - login => username:sdasd,password:2131543212
[2020-12-24T21:50:55.442] [DEBUG] cheese - sdasd
[2020-12-24T21:50:55.445] [DEBUG] cheese - null
[2020-12-24T21:50:55.445] [DEBUG] cheese - null
[2020-12-24T21:50:55.667] [DEBUG] cheese - login => username:sdasd,password:2131543212
[2020-12-24T21:50:55.667] [DEBUG] cheese - sdasd
[2020-12-24T21:50:55.669] [DEBUG] cheese - null
[2020-12-24T21:50:55.669] [DEBUG] cheese - null
[2020-12-24T21:50:55.857] [DEBUG] cheese - login => username:sdasd,password:2131543212
[2020-12-24T21:50:55.857] [DEBUG] cheese - sdasd
[2020-12-24T21:50:55.858] [DEBUG] cheese - null
[2020-12-24T21:50:55.859] [DEBUG] cheese - null
[2020-12-24T21:50:56.099] [DEBUG] cheese - login => username:sdasd,password:2131543212
[2020-12-24T21:50:56.099] [DEBUG] cheese - sdasd
[2020-12-24T21:50:56.101] [DEBUG] cheese - null
[2020-12-24T21:50:56.101] [DEBUG] cheese - null
[2020-12-24T21:50:56.489] [DEBUG] cheese - login => username:sdasd,password:2131543212
[2020-12-24T21:50:56.489] [DEBUG] cheese - sdasd
[2020-12-24T21:50:56.491] [DEBUG] cheese - null
[2020-12-24T21:50:56.491] [DEBUG] cheese - null
[2020-12-24T21:50:56.691] [DEBUG] cheese - login => username:sdasd,password:2131543212
[2020-12-24T21:50:56.691] [DEBUG] cheese - sdasd
[2020-12-24T21:50:56.692] [DEBUG] cheese - null
[2020-12-24T21:50:56.692] [DEBUG] cheese - null
[2020-12-24T21:50:56.888] [DEBUG] cheese - login => username:sdasd,password:2131543212
[2020-12-24T21:50:56.888] [DEBUG] cheese - sdasd
[2020-12-24T21:50:56.889] [DEBUG] cheese - null
[2020-12-24T21:50:56.889] [DEBUG] cheese - null
[2020-12-24T21:50:58.672] [DEBUG] cheese - login => username:sdasd,password:2131543212
[2020-12-24T21:50:58.672] [DEBUG] cheese - sdasd
[2020-12-24T21:50:58.675] [DEBUG] cheese - null
[2020-12-24T21:50:58.675] [DEBUG] cheese - null
[2020-12-24T21:50:59.901] [DEBUG] cheese - login => username:sdasd,password:2131543212
[2020-12-24T21:50:59.901] [DEBUG] cheese - sdasd
[2020-12-24T21:50:59.902] [DEBUG] cheese - null
[2020-12-24T21:50:59.903] [DEBUG] cheese - null
[2020-12-24T21:51:03.946] [DEBUG] cheese - login => username:sdasd,password:2131543212
[2020-12-24T21:51:03.946] [DEBUG] cheese - sdasd
[2020-12-24T21:51:03.947] [DEBUG] cheese - null
[2020-12-24T21:51:03.948] [DEBUG] cheese - null
[2020-12-24T21:51:04.667] [DEBUG] cheese - login => username:sdasd,password:2131543212
[2020-12-24T21:51:04.667] [DEBUG] cheese - sdasd
[2020-12-24T21:51:04.668] [DEBUG] cheese - null
[2020-12-24T21:51:04.668] [DEBUG] cheese - null
[2020-12-24T21:51:04.969] [DEBUG] cheese - login => username:sdasd,password:2131543212
[2020-12-24T21:51:04.969] [DEBUG] cheese - sdasd
[2020-12-24T21:51:04.980] [DEBUG] cheese - null
[2020-12-24T21:51:04.980] [DEBUG] cheese - null
[2020-12-24T21:51:05.158] [DEBUG] cheese - login => username:sdasd,password:2131543212
[2020-12-24T21:51:05.158] [DEBUG] cheese - sdasd
[2020-12-24T21:51:05.167] [DEBUG] cheese - null
[2020-12-24T21:51:05.167] [DEBUG] cheese - null
[2020-12-24T21:51:05.356] [DEBUG] cheese - login => username:sdasd,password:2131543212
[2020-12-24T21:51:05.356] [DEBUG] cheese - sdasd
[2020-12-24T21:51:05.359] [DEBUG] cheese - null
[2020-12-24T21:51:05.359] [DEBUG] cheese - null
[2020-12-24T21:51:05.543] [DEBUG] cheese - login => username:sdasd,password:2131543212
[2020-12-24T21:51:05.543] [DEBUG] cheese - sdasd
[2020-12-24T21:51:05.545] [DEBUG] cheese - null
[2020-12-24T21:51:05.545] [DEBUG] cheese - null
[2020-12-24T21:51:05.745] [DEBUG] cheese - login => username:sdasd,password:2131543212
[2020-12-24T21:51:05.745] [DEBUG] cheese - sdasd
[2020-12-24T21:51:05.747] [DEBUG] cheese - null
[2020-12-24T21:51:05.747] [DEBUG] cheese - null
[2020-12-24T21:51:06.007] [DEBUG] cheese - login => username:sdasd,password:2131543212
[2020-12-24T21:51:06.007] [DEBUG] cheese - sdasd
[2020-12-24T21:51:06.012] [DEBUG] cheese - null
[2020-12-24T21:51:06.012] [DEBUG] cheese - null
[2020-12-24T21:51:45.271] [DEBUG] cheese - login => username:sdsa,password:123132123
[2020-12-24T21:51:45.271] [DEBUG] cheese - sdsa
[2020-12-24T21:51:45.274] [DEBUG] cheese - null
[2020-12-24T21:51:45.274] [DEBUG] cheese - null
[2020-12-24T21:51:45.690] [DEBUG] cheese - login => username:sdsa,password:123132123
[2020-12-24T21:51:45.690] [DEBUG] cheese - sdsa
[2020-12-24T21:51:45.693] [DEBUG] cheese - null
[2020-12-24T21:51:45.694] [DEBUG] cheese - null
[2020-12-24T21:51:45.873] [DEBUG] cheese - login => username:sdsa,password:123132123
[2020-12-24T21:51:45.873] [DEBUG] cheese - sdsa
[2020-12-24T21:51:45.876] [DEBUG] cheese - null
[2020-12-24T21:51:45.876] [DEBUG] cheese - null
[2020-12-24T21:51:46.081] [DEBUG] cheese - login => username:sdsa,password:123132123
[2020-12-24T21:51:46.081] [DEBUG] cheese - sdsa
[2020-12-24T21:51:46.088] [DEBUG] cheese - null
[2020-12-24T21:51:46.088] [DEBUG] cheese - null
[2020-12-24T21:51:46.255] [DEBUG] cheese - login => username:sdsa,password:123132123
[2020-12-24T21:51:46.255] [DEBUG] cheese - sdsa
[2020-12-24T21:51:46.258] [DEBUG] cheese - null
[2020-12-24T21:51:46.258] [DEBUG] cheese - null
[2020-12-24T21:51:46.447] [DEBUG] cheese - login => username:sdsa,password:123132123
[2020-12-24T21:51:46.447] [DEBUG] cheese - sdsa
[2020-12-24T21:51:46.449] [DEBUG] cheese - null
[2020-12-24T21:51:46.449] [DEBUG] cheese - null
[2020-12-24T21:52:09.609] [DEBUG] cheese - login => username:121321,password:132121231
[2020-12-24T21:52:09.609] [DEBUG] cheese - 121321
[2020-12-24T21:52:09.611] [DEBUG] cheese - null
[2020-12-24T21:52:09.611] [DEBUG] cheese - null
[2020-12-24T21:52:10.017] [DEBUG] cheese - login => username:121321,password:132121231
[2020-12-24T21:52:10.017] [DEBUG] cheese - 121321
[2020-12-24T21:52:10.019] [DEBUG] cheese - null
[2020-12-24T21:52:10.019] [DEBUG] cheese - null
[2020-12-24T21:52:10.318] [DEBUG] cheese - login => username:121321,password:132121231
[2020-12-24T21:52:10.319] [DEBUG] cheese - 121321
[2020-12-24T21:52:10.320] [DEBUG] cheese - null
[2020-12-24T21:52:10.320] [DEBUG] cheese - null
[2020-12-24T21:52:10.505] [DEBUG] cheese - login => username:121321,password:132121231
[2020-12-24T21:52:10.505] [DEBUG] cheese - 121321
[2020-12-24T21:52:10.508] [DEBUG] cheese - null
[2020-12-24T21:52:10.508] [DEBUG] cheese - null
[2020-12-24T21:52:10.688] [DEBUG] cheese - login => username:121321,password:132121231
[2020-12-24T21:52:10.688] [DEBUG] cheese - 121321
[2020-12-24T21:52:10.691] [DEBUG] cheese - null
[2020-12-24T21:52:10.692] [DEBUG] cheese - null
[2020-12-24T21:52:10.875] [DEBUG] cheese - login => username:121321,password:132121231
[2020-12-24T21:52:10.875] [DEBUG] cheese - 121321
[2020-12-24T21:52:10.877] [DEBUG] cheese - null
[2020-12-24T21:52:10.877] [DEBUG] cheese - null
[2020-12-24T21:52:11.071] [DEBUG] cheese - login => username:121321,password:132121231
[2020-12-24T21:52:11.071] [DEBUG] cheese - 121321
[2020-12-24T21:52:11.075] [DEBUG] cheese - null
[2020-12-24T21:52:11.075] [DEBUG] cheese - null
[2020-12-24T21:53:33.051] [DEBUG] cheese - login => username:121321,password:21313212
[2020-12-24T21:53:33.051] [DEBUG] cheese - 121321
[2020-12-24T21:53:33.053] [DEBUG] cheese - null
[2020-12-24T21:53:33.053] [DEBUG] cheese - null
[2020-12-24T21:53:33.605] [DEBUG] cheese - login => username:121321,password:21313212
[2020-12-24T21:53:33.605] [DEBUG] cheese - 121321
[2020-12-24T21:53:33.607] [DEBUG] cheese - null
[2020-12-24T21:53:33.607] [DEBUG] cheese - null
[2020-12-24T21:53:34.021] [DEBUG] cheese - login => username:121321,password:21313212
[2020-12-24T21:53:34.021] [DEBUG] cheese - 121321
[2020-12-24T21:53:34.026] [DEBUG] cheese - null
[2020-12-24T21:53:34.027] [DEBUG] cheese - null
[2020-12-24T21:53:34.312] [DEBUG] cheese - login => username:121321,password:21313212
[2020-12-24T21:53:34.312] [DEBUG] cheese - 121321
[2020-12-24T21:53:34.313] [DEBUG] cheese - null
[2020-12-24T21:53:34.313] [DEBUG] cheese - null
[2020-12-24T21:53:34.584] [DEBUG] cheese - login => username:121321,password:21313212
[2020-12-24T21:53:34.584] [DEBUG] cheese - 121321
[2020-12-24T21:53:34.592] [DEBUG] cheese - null
[2020-12-24T21:53:34.592] [DEBUG] cheese - null
[2020-12-24T21:53:39.667] [DEBUG] cheese - login => username:121321,password:2131321212
[2020-12-24T21:53:39.667] [DEBUG] cheese - 121321
[2020-12-24T21:53:39.669] [DEBUG] cheese - null
[2020-12-24T21:53:39.669] [DEBUG] cheese - null
[2020-12-24T21:54:33.009] [DEBUG] cheese - login => username:sdas,password:1212312
[2020-12-24T21:54:33.010] [DEBUG] cheese - sdas
[2020-12-24T21:54:33.013] [DEBUG] cheese - login => username:sdas,password:1212312
[2020-12-24T21:54:33.014] [DEBUG] cheese - sdas
[2020-12-24T21:54:33.015] [DEBUG] cheese - null
[2020-12-24T21:54:33.015] [DEBUG] cheese - null
[2020-12-24T21:54:33.017] [DEBUG] cheese - null
[2020-12-24T21:54:33.017] [DEBUG] cheese - null
[2020-12-24T21:54:33.506] [DEBUG] cheese - login => username:sdas,password:1212312
[2020-12-24T21:54:33.507] [DEBUG] cheese - sdas
[2020-12-24T21:54:33.508] [DEBUG] cheese - null
[2020-12-24T21:54:33.508] [DEBUG] cheese - null
[2020-12-24T21:54:33.843] [DEBUG] cheese - login => username:sdas,password:1212312
[2020-12-24T21:54:33.843] [DEBUG] cheese - sdas
[2020-12-24T21:54:33.845] [DEBUG] cheese - null
[2020-12-24T21:54:33.845] [DEBUG] cheese - null
[2020-12-24T21:54:34.480] [DEBUG] cheese - login => username:sdas,password:1212312
[2020-12-24T21:54:34.480] [DEBUG] cheese - sdas
[2020-12-24T21:54:34.482] [DEBUG] cheese - null
[2020-12-24T21:54:34.482] [DEBUG] cheese - null
[2020-12-24T21:54:39.483] [DEBUG] cheese - login => username:sdas,password:1212312
[2020-12-24T21:54:39.483] [DEBUG] cheese - sdas
[2020-12-24T21:54:39.486] [DEBUG] cheese - null
[2020-12-24T21:54:39.487] [DEBUG] cheese - null
[2020-12-24T21:54:40.201] [DEBUG] cheese - login => username:sdas,password:1212312
[2020-12-24T21:54:40.201] [DEBUG] cheese - sdas
[2020-12-24T21:54:40.203] [DEBUG] cheese - null
[2020-12-24T21:54:40.203] [DEBUG] cheese - null
[2020-12-24T21:55:32.507] [DEBUG] cheese - login => username:2121,password:121321
[2020-12-24T21:55:32.507] [DEBUG] cheese - 2121
[2020-12-24T21:55:32.510] [DEBUG] cheese - null
[2020-12-24T21:55:32.510] [DEBUG] cheese - null
[2020-12-24T21:55:33.124] [DEBUG] cheese - login => username:2121,password:121321
[2020-12-24T21:55:33.124] [DEBUG] cheese - 2121
[2020-12-24T21:55:33.126] [DEBUG] cheese - null
[2020-12-24T21:55:33.126] [DEBUG] cheese - null
[2020-12-24T21:55:33.485] [DEBUG] cheese - login => username:2121,password:121321
[2020-12-24T21:55:33.485] [DEBUG] cheese - 2121
[2020-12-24T21:55:33.486] [DEBUG] cheese - null
[2020-12-24T21:55:33.486] [DEBUG] cheese - null
[2020-12-24T21:55:33.817] [DEBUG] cheese - login => username:2121,password:121321
[2020-12-24T21:55:33.817] [DEBUG] cheese - 2121
[2020-12-24T21:55:33.819] [DEBUG] cheese - null
[2020-12-24T21:55:33.819] [DEBUG] cheese - null
[2020-12-24T21:55:34.015] [DEBUG] cheese - login => username:2121,password:121321
[2020-12-24T21:55:34.015] [DEBUG] cheese - 2121
[2020-12-24T21:55:34.017] [DEBUG] cheese - null
[2020-12-24T21:55:34.017] [DEBUG] cheese - null
[2020-12-24T21:55:34.195] [DEBUG] cheese - login => username:2121,password:121321
[2020-12-24T21:55:34.195] [DEBUG] cheese - 2121
[2020-12-24T21:55:34.199] [DEBUG] cheese - null
[2020-12-24T21:55:34.199] [DEBUG] cheese - null
[2020-12-24T21:55:34.371] [DEBUG] cheese - login => username:2121,password:121321
[2020-12-24T21:55:34.371] [DEBUG] cheese - 2121
[2020-12-24T21:55:34.384] [DEBUG] cheese - null
[2020-12-24T21:55:34.384] [DEBUG] cheese - null
[2020-12-24T21:55:34.638] [DEBUG] cheese - login => username:2121,password:121321
[2020-12-24T21:55:34.638] [DEBUG] cheese - 2121
[2020-12-24T21:55:34.640] [DEBUG] cheese - null
[2020-12-24T21:55:34.640] [DEBUG] cheese - null
[2020-12-24T21:56:17.933] [DEBUG] cheese - login => username:发生的方式,password:dfsdf sdf
[2020-12-24T21:56:17.933] [DEBUG] cheese - 发生的方式
[2020-12-24T21:56:17.935] [DEBUG] cheese - null
[2020-12-24T21:56:17.935] [DEBUG] cheese - null
[2020-12-24T21:56:18.566] [DEBUG] cheese - login => username:发生的方式,password:dfsdf sdf
[2020-12-24T21:56:18.566] [DEBUG] cheese - 发生的方式
[2020-12-24T21:56:18.570] [DEBUG] cheese - null
[2020-12-24T21:56:18.571] [DEBUG] cheese - null
[2020-12-24T21:56:31.208] [DEBUG] cheese - login => username:实打实大,password:asdasda
[2020-12-24T21:56:31.208] [DEBUG] cheese - 实打实大
[2020-12-24T21:56:31.210] [DEBUG] cheese - null
[2020-12-24T21:56:31.210] [DEBUG] cheese - null
[2020-12-24T21:56:31.693] [DEBUG] cheese - login => username:实打实大,password:asdasda
[2020-12-24T21:56:31.693] [DEBUG] cheese - 实打实大
[2020-12-24T21:56:31.696] [DEBUG] cheese - null
[2020-12-24T21:56:31.696] [DEBUG] cheese - null
[2020-12-24T21:56:32.042] [DEBUG] cheese - login => username:实打实大,password:asdasda
[2020-12-24T21:56:32.042] [DEBUG] cheese - 实打实大
[2020-12-24T21:56:32.043] [DEBUG] cheese - null
[2020-12-24T21:56:32.043] [DEBUG] cheese - null
[2020-12-24T21:56:32.243] [DEBUG] cheese - login => username:实打实大,password:asdasda
[2020-12-24T21:56:32.243] [DEBUG] cheese - 实打实大
[2020-12-24T21:56:32.245] [DEBUG] cheese - null
[2020-12-24T21:56:32.246] [DEBUG] cheese - null
[2020-12-24T21:56:32.425] [DEBUG] cheese - login => username:实打实大,password:asdasda
[2020-12-24T21:56:32.425] [DEBUG] cheese - 实打实大
[2020-12-24T21:56:32.432] [DEBUG] cheese - null
[2020-12-24T21:56:32.432] [DEBUG] cheese - null
[2020-12-24T21:56:32.607] [DEBUG] cheese - login => username:实打实大,password:asdasda
[2020-12-24T21:56:32.607] [DEBUG] cheese - 实打实大
[2020-12-24T21:56:32.609] [DEBUG] cheese - null
[2020-12-24T21:56:32.609] [DEBUG] cheese - null
[2020-12-24T21:56:59.465] [DEBUG] cheese - login => username:奥术大师大,password:adasdasd
[2020-12-24T21:56:59.465] [DEBUG] cheese - 奥术大师大
[2020-12-24T21:56:59.466] [DEBUG] cheese - null
[2020-12-24T21:56:59.466] [DEBUG] cheese - null
[2020-12-24T21:56:59.908] [DEBUG] cheese - login => username:奥术大师大,password:adasdasd
[2020-12-24T21:56:59.908] [DEBUG] cheese - 奥术大师大
[2020-12-24T21:56:59.909] [DEBUG] cheese - null
[2020-12-24T21:56:59.909] [DEBUG] cheese - null
[2020-12-24T21:57:00.247] [DEBUG] cheese - login => username:奥术大师大,password:adasdasd
[2020-12-24T21:57:00.247] [DEBUG] cheese - 奥术大师大
[2020-12-24T21:57:00.251] [DEBUG] cheese - null
[2020-12-24T21:57:00.251] [DEBUG] cheese - null
[2020-12-24T21:57:00.609] [DEBUG] cheese - login => username:奥术大师大,password:adasdasd
[2020-12-24T21:57:00.609] [DEBUG] cheese - 奥术大师大
[2020-12-24T21:57:00.614] [DEBUG] cheese - null
[2020-12-24T21:57:00.615] [DEBUG] cheese - null
[2020-12-24T21:57:00.840] [DEBUG] cheese - login => username:奥术大师大,password:adasdasd
[2020-12-24T21:57:00.841] [DEBUG] cheese - 奥术大师大
[2020-12-24T21:57:00.845] [DEBUG] cheese - null
[2020-12-24T21:57:00.846] [DEBUG] cheese - null
[2020-12-24T21:57:32.656] [DEBUG] cheese - login => username:撒打算,password:sadasdasd
[2020-12-24T21:57:32.656] [DEBUG] cheese - 撒打算
[2020-12-24T21:57:32.661] [DEBUG] cheese - null
[2020-12-24T21:57:32.662] [DEBUG] cheese - null
[2020-12-24T21:57:33.074] [DEBUG] cheese - login => username:撒打算,password:sadasdasd
[2020-12-24T21:57:33.074] [DEBUG] cheese - 撒打算
[2020-12-24T21:57:33.077] [DEBUG] cheese - null
[2020-12-24T21:57:33.078] [DEBUG] cheese - null
[2020-12-24T21:57:33.419] [DEBUG] cheese - login => username:撒打算,password:sadasdasd
[2020-12-24T21:57:33.419] [DEBUG] cheese - 撒打算
[2020-12-24T21:57:33.420] [DEBUG] cheese - null
[2020-12-24T21:57:33.420] [DEBUG] cheese - null
[2020-12-24T21:57:33.890] [DEBUG] cheese - login => username:撒打算,password:sadasdasd
[2020-12-24T21:57:33.890] [DEBUG] cheese - 撒打算
[2020-12-24T21:57:33.899] [DEBUG] cheese - null
[2020-12-24T21:57:33.899] [DEBUG] cheese - null
[2020-12-24T22:00:06.260] [DEBUG] cheese - login => username:发送大是大非,password:fsfsdfsdfsdf
[2020-12-24T22:00:06.260] [DEBUG] cheese - 发送大是大非
[2020-12-24T22:00:06.261] [DEBUG] cheese - null
[2020-12-24T22:00:06.261] [DEBUG] cheese - null
[2020-12-24T22:00:07.130] [DEBUG] cheese - login => username:发送大是大非,password:fsfsdfsdfsdf
[2020-12-24T22:00:07.130] [DEBUG] cheese - 发送大是大非
[2020-12-24T22:00:07.137] [DEBUG] cheese - null
[2020-12-24T22:00:07.138] [DEBUG] cheese - null
[2020-12-24T22:00:07.586] [DEBUG] cheese - login => username:发送大是大非,password:fsfsdfsdfsdf
[2020-12-24T22:00:07.586] [DEBUG] cheese - 发送大是大非
[2020-12-24T22:00:07.588] [DEBUG] cheese - null
[2020-12-24T22:00:07.588] [DEBUG] cheese - null
[2020-12-24T22:00:07.960] [DEBUG] cheese - login => username:发送大是大非,password:fsfsdfsdfsdf
[2020-12-24T22:00:07.960] [DEBUG] cheese - 发送大是大非
[2020-12-24T22:00:07.962] [DEBUG] cheese - null
[2020-12-24T22:00:07.962] [DEBUG] cheese - null
[2020-12-24T22:00:08.200] [DEBUG] cheese - login => username:发送大是大非,password:fsfsdfsdfsdf
[2020-12-24T22:00:08.200] [DEBUG] cheese - 发送大是大非
[2020-12-24T22:00:08.209] [DEBUG] cheese - null
[2020-12-24T22:00:08.209] [DEBUG] cheese - null
[2020-12-24T22:00:08.555] [DEBUG] cheese - login => username:发送大是大非,password:fsfsdfsdfsdf
[2020-12-24T22:00:08.555] [DEBUG] cheese - 发送大是大非
[2020-12-24T22:00:08.557] [DEBUG] cheese - null
[2020-12-24T22:00:08.558] [DEBUG] cheese - null
[2020-12-24T22:00:08.778] [DEBUG] cheese - login => username:发送大是大非,password:fsfsdfsdfsdf
[2020-12-24T22:00:08.778] [DEBUG] cheese - 发送大是大非
[2020-12-24T22:00:08.779] [DEBUG] cheese - null
[2020-12-24T22:00:08.779] [DEBUG] cheese - null
[2020-12-24T22:00:09.857] [DEBUG] cheese - login => username:发送大是大非,password:fsfsdfsdfsdf
[2020-12-24T22:00:09.857] [DEBUG] cheese - 发送大是大非
[2020-12-24T22:00:09.859] [DEBUG] cheese - null
[2020-12-24T22:00:09.859] [DEBUG] cheese - null
[2020-12-24T22:00:10.355] [DEBUG] cheese - login => username:发送大是大非,password:fsfsdfsdfsdf
[2020-12-24T22:00:10.355] [DEBUG] cheese - 发送大是大非
[2020-12-24T22:00:10.357] [DEBUG] cheese - null
[2020-12-24T22:00:10.357] [DEBUG] cheese - null
[2020-12-24T22:00:10.926] [DEBUG] cheese - login => username:发送大是大非,password:fsfsdfsdfsdf
[2020-12-24T22:00:10.926] [DEBUG] cheese - 发送大是大非
[2020-12-24T22:00:10.927] [DEBUG] cheese - null
[2020-12-24T22:00:10.927] [DEBUG] cheese - null
[2020-12-24T22:00:11.147] [DEBUG] cheese - login => username:发送大是大非,password:fsfsdfsdfsdf
[2020-12-24T22:00:11.147] [DEBUG] cheese - 发送大是大非
[2020-12-24T22:00:11.149] [DEBUG] cheese - null
[2020-12-24T22:00:11.150] [DEBUG] cheese - null
[2020-12-24T22:01:56.274] [DEBUG] cheese - login => username:123121,password:3232323
[2020-12-24T22:01:56.275] [DEBUG] cheese - 123121
[2020-12-24T22:01:56.276] [DEBUG] cheese - null
[2020-12-24T22:01:56.276] [DEBUG] cheese - null
[2020-12-24T22:01:56.761] [DEBUG] cheese - login => username:123121,password:3232323
[2020-12-24T22:01:56.761] [DEBUG] cheese - 123121
[2020-12-24T22:01:56.763] [DEBUG] cheese - null
[2020-12-24T22:01:56.763] [DEBUG] cheese - null
[2020-12-24T22:01:57.224] [DEBUG] cheese - login => username:123121,password:3232323
[2020-12-24T22:01:57.224] [DEBUG] cheese - 123121
[2020-12-24T22:01:57.233] [DEBUG] cheese - null
[2020-12-24T22:01:57.233] [DEBUG] cheese - null
[2020-12-24T22:01:57.858] [DEBUG] cheese - login => username:123121,password:3232323
[2020-12-24T22:01:57.858] [DEBUG] cheese - 123121
[2020-12-24T22:01:57.859] [DEBUG] cheese - null
[2020-12-24T22:01:57.860] [DEBUG] cheese - null
[2020-12-24T22:02:48.282] [DEBUG] cheese - login => username:3232,password:32323232
[2020-12-24T22:02:48.282] [DEBUG] cheese - 3232
[2020-12-24T22:02:48.284] [DEBUG] cheese - null
[2020-12-24T22:02:48.284] [DEBUG] cheese - null
[2020-12-24T22:02:48.715] [DEBUG] cheese - login => username:3232,password:32323232
[2020-12-24T22:02:48.715] [DEBUG] cheese - 3232
[2020-12-24T22:02:48.717] [DEBUG] cheese - null
[2020-12-24T22:02:48.717] [DEBUG] cheese - null
[2020-12-24T22:02:48.889] [DEBUG] cheese - login => username:3232,password:32323232
[2020-12-24T22:02:48.889] [DEBUG] cheese - 3232
[2020-12-24T22:02:48.893] [DEBUG] cheese - null
[2020-12-24T22:02:48.893] [DEBUG] cheese - null
[2020-12-24T22:02:49.058] [DEBUG] cheese - login => username:3232,password:32323232
[2020-12-24T22:02:49.058] [DEBUG] cheese - 3232
[2020-12-24T22:02:49.060] [DEBUG] cheese - null
[2020-12-24T22:02:49.060] [DEBUG] cheese - null
[2020-12-24T22:02:49.209] [DEBUG] cheese - login => username:3232,password:32323232
[2020-12-24T22:02:49.209] [DEBUG] cheese - 3232
[2020-12-24T22:02:49.211] [DEBUG] cheese - null
[2020-12-24T22:02:49.212] [DEBUG] cheese - null
[2020-12-24T22:02:49.347] [DEBUG] cheese - login => username:3232,password:32323232
[2020-12-24T22:02:49.347] [DEBUG] cheese - 3232
[2020-12-24T22:02:49.349] [DEBUG] cheese - null
[2020-12-24T22:02:49.349] [DEBUG] cheese - null
[2020-12-24T22:02:49.484] [DEBUG] cheese - login => username:3232,password:32323232
[2020-12-24T22:02:49.484] [DEBUG] cheese - 3232
[2020-12-24T22:02:49.487] [DEBUG] cheese - null
[2020-12-24T22:02:49.487] [DEBUG] cheese - null
[2020-12-24T22:02:49.625] [DEBUG] cheese - login => username:3232,password:32323232
[2020-12-24T22:02:49.625] [DEBUG] cheese - 3232
[2020-12-24T22:02:49.630] [DEBUG] cheese - null
[2020-12-24T22:02:49.630] [DEBUG] cheese - null
[2020-12-24T22:02:49.767] [DEBUG] cheese - login => username:3232,password:32323232
[2020-12-24T22:02:49.767] [DEBUG] cheese - 3232
[2020-12-24T22:02:49.769] [DEBUG] cheese - null
[2020-12-24T22:02:49.769] [DEBUG] cheese - null
[2020-12-24T22:02:49.905] [DEBUG] cheese - login => username:3232,password:32323232
[2020-12-24T22:02:49.905] [DEBUG] cheese - 3232
[2020-12-24T22:02:49.906] [DEBUG] cheese - null
[2020-12-24T22:02:49.907] [DEBUG] cheese - null
[2020-12-24T22:02:50.028] [DEBUG] cheese - login => username:3232,password:32323232
[2020-12-24T22:02:50.029] [DEBUG] cheese - 3232
[2020-12-24T22:02:50.031] [DEBUG] cheese - null
[2020-12-24T22:02:50.031] [DEBUG] cheese - null
[2020-12-24T22:02:50.171] [DEBUG] cheese - login => username:3232,password:32323232
[2020-12-24T22:02:50.171] [DEBUG] cheese - 3232
[2020-12-24T22:02:50.173] [DEBUG] cheese - null
[2020-12-24T22:02:50.174] [DEBUG] cheese - null
[2020-12-24T22:02:50.307] [DEBUG] cheese - login => username:3232,password:32323232
[2020-12-24T22:02:50.307] [DEBUG] cheese - 3232
[2020-12-24T22:02:50.309] [DEBUG] cheese - null
[2020-12-24T22:02:50.309] [DEBUG] cheese - null
[2020-12-24T22:02:50.445] [DEBUG] cheese - login => username:3232,password:32323232
[2020-12-24T22:02:50.449] [DEBUG] cheese - 3232
[2020-12-24T22:02:50.453] [DEBUG] cheese - null
[2020-12-24T22:02:50.453] [DEBUG] cheese - null
[2020-12-24T22:02:50.598] [DEBUG] cheese - login => username:3232,password:32323232
[2020-12-24T22:02:50.598] [DEBUG] cheese - 3232
[2020-12-24T22:02:50.601] [DEBUG] cheese - null
[2020-12-24T22:02:50.601] [DEBUG] cheese - null
[2020-12-24T22:06:50.698] [DEBUG] cheese - login => username:3232,password:32323232
[2020-12-24T22:06:50.699] [DEBUG] cheese - 3232
[2020-12-24T22:06:50.714] [DEBUG] cheese - null
[2020-12-24T22:06:50.714] [DEBUG] cheese - null
[2020-12-24T22:07:09.008] [DEBUG] cheese - login => username:admin,password:123456
[2020-12-24T22:07:09.008] [DEBUG] cheese - admin
[2020-12-24T22:07:09.020] [DEBUG] cheese - null
[2020-12-24T22:07:09.020] [DEBUG] cheese - null
[2020-12-24T22:07:39.581] [DEBUG] cheese - login => username:admin,password:123456
[2020-12-24T22:07:39.581] [DEBUG] cheese - admin
[2020-12-24T22:07:39.584] [DEBUG] cheese - null
[2020-12-24T22:07:39.585] [DEBUG] cheese - null
[2020-12-24T22:07:45.439] [DEBUG] cheese - login => username:admin,password:123456
[2020-12-24T22:07:45.439] [DEBUG] cheese - admin
[2020-12-24T22:07:45.450] [DEBUG] cheese - null
[2020-12-24T22:07:45.450] [DEBUG] cheese - null
[2020-12-24T22:07:51.571] [DEBUG] cheese - login => username:admin000,password:123456000
[2020-12-24T22:07:51.571] [DEBUG] cheese - admin000
[2020-12-24T22:07:51.572] [DEBUG] cheese - null
[2020-12-24T22:07:51.573] [DEBUG] cheese - null
[2020-12-24T22:07:51.708] [DEBUG] cheese - login => username:admin000,password:123456000
[2020-12-24T22:07:51.708] [DEBUG] cheese - admin000
[2020-12-24T22:07:51.710] [DEBUG] cheese - null
[2020-12-24T22:07:51.710] [DEBUG] cheese - null
[2020-12-24T22:07:51.956] [DEBUG] cheese - login => username:admin000,password:123456000
[2020-12-24T22:07:51.956] [DEBUG] cheese - admin000
[2020-12-24T22:07:51.957] [DEBUG] cheese - null
[2020-12-24T22:07:51.957] [DEBUG] cheese - null
[2020-12-24T22:07:52.067] [DEBUG] cheese - login => username:admin000,password:123456000
[2020-12-24T22:07:52.067] [DEBUG] cheese - admin000
[2020-12-24T22:07:52.075] [DEBUG] cheese - null
[2020-12-24T22:07:52.075] [DEBUG] cheese - null
[2020-12-24T22:07:52.170] [DEBUG] cheese - login => username:admin000,password:123456000
[2020-12-24T22:07:52.171] [DEBUG] cheese - admin000
[2020-12-24T22:07:52.172] [DEBUG] cheese - null
[2020-12-24T22:07:52.172] [DEBUG] cheese - null
[2020-12-24T22:07:52.309] [DEBUG] cheese - login => username:admin000,password:123456000
[2020-12-24T22:07:52.309] [DEBUG] cheese - admin000
[2020-12-24T22:07:52.310] [DEBUG] cheese - null
[2020-12-24T22:07:52.310] [DEBUG] cheese - null
[2020-12-24T22:07:52.445] [DEBUG] cheese - login => username:admin000,password:123456000
[2020-12-24T22:07:52.445] [DEBUG] cheese - admin000
[2020-12-24T22:07:52.457] [DEBUG] cheese - null
[2020-12-24T22:07:52.457] [DEBUG] cheese - null
[2020-12-24T22:07:52.557] [DEBUG] cheese - login => username:admin000,password:123456000
[2020-12-24T22:07:52.557] [DEBUG] cheese - admin000
[2020-12-24T22:07:52.559] [DEBUG] cheese - null
[2020-12-24T22:07:52.559] [DEBUG] cheese - null
[2020-12-24T22:07:52.662] [DEBUG] cheese - login => username:admin000,password:123456000
[2020-12-24T22:07:52.662] [DEBUG] cheese - admin000
[2020-12-24T22:07:52.666] [DEBUG] cheese - null
[2020-12-24T22:07:52.666] [DEBUG] cheese - null
[2020-12-24T22:07:52.779] [DEBUG] cheese - login => username:admin000,password:123456000
[2020-12-24T22:07:52.779] [DEBUG] cheese - admin000
[2020-12-24T22:07:52.793] [DEBUG] cheese - null
[2020-12-24T22:07:52.793] [DEBUG] cheese - null
[2020-12-24T22:07:52.903] [DEBUG] cheese - login => username:admin000,password:123456000
[2020-12-24T22:07:52.904] [DEBUG] cheese - admin000
[2020-12-24T22:07:52.906] [DEBUG] cheese - null
[2020-12-24T22:07:52.906] [DEBUG] cheese - null
[2020-12-24T22:07:53.019] [DEBUG] cheese - login => username:admin000,password:123456000
[2020-12-24T22:07:53.019] [DEBUG] cheese - admin000
[2020-12-24T22:07:53.021] [DEBUG] cheese - null
[2020-12-24T22:07:53.021] [DEBUG] cheese - null
[2020-12-24T22:07:53.133] [DEBUG] cheese - login => username:admin000,password:123456000
[2020-12-24T22:07:53.133] [DEBUG] cheese - admin000
[2020-12-24T22:07:53.136] [DEBUG] cheese - null
[2020-12-24T22:07:53.136] [DEBUG] cheese - null
[2020-12-24T22:07:53.259] [DEBUG] cheese - login => username:admin000,password:123456000
[2020-12-24T22:07:53.259] [DEBUG] cheese - admin000
[2020-12-24T22:07:53.261] [DEBUG] cheese - null
[2020-12-24T22:07:53.261] [DEBUG] cheese - null
[2020-12-24T22:07:53.400] [DEBUG] cheese - login => username:admin000,password:123456000
[2020-12-24T22:07:53.400] [DEBUG] cheese - admin000
[2020-12-24T22:07:53.403] [DEBUG] cheese - null
[2020-12-24T22:07:53.403] [DEBUG] cheese - null
[2020-12-25T16:40:16.634] [DEBUG] cheese - login => username:admin,password:123456
[2020-12-25T16:40:16.642] [DEBUG] cheese - admin
[2020-12-25T16:40:16.725] [DEBUG] cheese - null
[2020-12-25T16:40:16.725] [DEBUG] cheese - null
[2020-12-25T16:42:46.099] [DEBUG] cheese - login => username:admin,password:123456
[2020-12-25T16:42:46.103] [DEBUG] cheese - admin
[2020-12-25T16:42:46.111] [DEBUG] cheese - login => username:admin,password:123456
[2020-12-25T16:42:46.112] [DEBUG] cheese - admin
[2020-12-25T16:42:46.130] [DEBUG] cheese - null
[2020-12-25T16:42:46.131] [DEBUG] cheese - null
[2020-12-25T16:42:46.226] [DEBUG] cheese - null
[2020-12-25T16:42:46.226] [DEBUG] cheese - null
[2020-12-25T16:45:25.214] [DEBUG] cheese - login => username:admin,password:123456
[2020-12-25T16:45:25.215] [DEBUG] cheese - admin
[2020-12-25T16:45:25.218] [DEBUG] cheese - null
[2020-12-25T16:45:25.218] [DEBUG] cheese - null
[2020-12-25T18:40:42.851] [DEBUG] cheese - login => username:admin,password:123456
[2020-12-25T18:40:42.856] [DEBUG] cheese - admin
[2020-12-25T18:40:42.883] [DEBUG] cheese - null
[2020-12-25T18:40:42.884] [DEBUG] cheese - null
[2020-12-25T19:15:05.325] [DEBUG] cheese - login => username:asdsd,password:adasdsad
[2020-12-25T19:15:05.333] [DEBUG] cheese - asdsd
[2020-12-25T19:15:05.368] [DEBUG] cheese - null
[2020-12-25T19:15:05.369] [DEBUG] cheese - null
[2020-12-25T19:15:05.645] [DEBUG] cheese - login => username:asdsd,password:adasdsad
[2020-12-25T19:15:05.646] [DEBUG] cheese - asdsd
[2020-12-25T19:15:05.660] [DEBUG] cheese - null
[2020-12-25T19:15:05.660] [DEBUG] cheese - null
[2020-12-25T19:15:05.985] [DEBUG] cheese - login => username:asdsd,password:adasdsad
[2020-12-25T19:15:05.986] [DEBUG] cheese - asdsd
[2020-12-25T19:15:05.988] [DEBUG] cheese - null
[2020-12-25T19:15:05.988] [DEBUG] cheese - null
[2020-12-25T19:15:06.259] [DEBUG] cheese - login => username:asdsd,password:adasdsad
[2020-12-25T19:15:06.259] [DEBUG] cheese - asdsd
[2020-12-25T19:15:06.261] [DEBUG] cheese - null
[2020-12-25T19:15:06.261] [DEBUG] cheese - null
[2020-12-25T19:15:06.416] [DEBUG] cheese - login => username:asdsd,password:adasdsad
[2020-12-25T19:15:06.416] [DEBUG] cheese - asdsd
[2020-12-25T19:15:06.418] [DEBUG] cheese - null
[2020-12-25T19:15:06.418] [DEBUG] cheese - null
[2020-12-25T19:15:06.437] [DEBUG] cheese - login => username:asdsd,password:adasdsad
[2020-12-25T19:15:06.438] [DEBUG] cheese - asdsd
[2020-12-25T19:15:06.439] [DEBUG] cheese - null
[2020-12-25T19:15:06.439] [DEBUG] cheese - null
[2020-12-25T19:15:06.754] [DEBUG] cheese - login => username:asdsd,password:adasdsad
[2020-12-25T19:15:06.755] [DEBUG] cheese - asdsd
[2020-12-25T19:15:06.757] [DEBUG] cheese - null
[2020-12-25T19:15:06.757] [DEBUG] cheese - null
[2020-12-25T19:15:06.822] [DEBUG] cheese - login => username:asdsd,password:adasdsad
[2020-12-25T19:15:06.822] [DEBUG] cheese - asdsd
[2020-12-25T19:15:06.824] [DEBUG] cheese - null
[2020-12-25T19:15:06.824] [DEBUG] cheese - null
[2020-12-25T19:15:07.002] [DEBUG] cheese - login => username:asdsd,password:adasdsad
[2020-12-25T19:15:07.002] [DEBUG] cheese - asdsd
[2020-12-25T19:15:07.004] [DEBUG] cheese - null
[2020-12-25T19:15:07.004] [DEBUG] cheese - null
[2020-12-25T19:15:07.044] [DEBUG] cheese - login => username:asdsd,password:adasdsad
[2020-12-25T19:15:07.044] [DEBUG] cheese - asdsd
[2020-12-25T19:15:07.054] [DEBUG] cheese - null
[2020-12-25T19:15:07.054] [DEBUG] cheese - null
[2020-12-25T19:15:07.293] [DEBUG] cheese - login => username:asdsd,password:adasdsad
[2020-12-25T19:15:07.293] [DEBUG] cheese - asdsd
[2020-12-25T19:15:07.294] [DEBUG] cheese - null
[2020-12-25T19:15:07.294] [DEBUG] cheese - null
[2020-12-25T19:15:07.429] [DEBUG] cheese - login => username:asdsd,password:adasdsad
[2020-12-25T19:15:07.429] [DEBUG] cheese - asdsd
[2020-12-25T19:15:07.432] [DEBUG] cheese - null
[2020-12-25T19:15:07.432] [DEBUG] cheese - null
[2020-12-25T19:15:07.471] [DEBUG] cheese - login => username:asdsd,password:adasdsad
[2020-12-25T19:15:07.471] [DEBUG] cheese - asdsd
[2020-12-25T19:15:07.472] [DEBUG] cheese - null
[2020-12-25T19:15:07.472] [DEBUG] cheese - null
[2020-12-25T19:15:07.776] [DEBUG] cheese - login => username:asdsd,password:adasdsad
[2020-12-25T19:15:07.776] [DEBUG] cheese - asdsd
[2020-12-25T19:15:07.777] [DEBUG] cheese - null
[2020-12-25T19:15:07.777] [DEBUG] cheese - null
[2020-12-25T19:15:07.998] [DEBUG] cheese - login => username:asdsd,password:adasdsad
[2020-12-25T19:15:07.998] [DEBUG] cheese - asdsd
[2020-12-25T19:15:08.000] [DEBUG] cheese - null
[2020-12-25T19:15:08.000] [DEBUG] cheese - null
[2020-12-25T19:15:08.291] [DEBUG] cheese - login => username:asdsd,password:adasdsad
[2020-12-25T19:15:08.292] [DEBUG] cheese - asdsd
[2020-12-25T19:15:08.299] [DEBUG] cheese - null
[2020-12-25T19:15:08.299] [DEBUG] cheese - null
[2020-12-25T19:18:18.346] [DEBUG] cheese - login => username:admin,password:123456
[2020-12-25T19:18:18.347] [DEBUG] cheese - admin
[2020-12-25T19:18:18.373] [DEBUG] cheese - null
[2020-12-25T19:18:18.373] [DEBUG] cheese - null
[2020-12-25T19:20:18.001] [DEBUG] cheese - login => username:admin,password:123456
[2020-12-25T19:20:18.002] [DEBUG] cheese - admin
[2020-12-25T19:20:18.018] [DEBUG] cheese - null
[2020-12-25T19:20:18.018] [DEBUG] cheese - null
[2020-12-25T19:58:10.031] [DEBUG] cheese - login => username:admin,password:123456
[2020-12-25T19:58:10.036] [DEBUG] cheese - admin
[2020-12-25T19:58:10.053] [DEBUG] cheese - null
[2020-12-25T19:58:10.053] [DEBUG] cheese - null
[2020-12-25T20:20:42.195] [DEBUG] cheese - login => username:admin,password:123456
[2020-12-25T20:20:42.202] [DEBUG] cheese - admin
[2020-12-25T20:20:42.259] [DEBUG] cheese - null
[2020-12-25T20:20:42.259] [DEBUG] cheese - null
[2020-12-25T21:27:38.827] [DEBUG] cheese - login => username:admin,password:123456
[2020-12-25T21:27:38.830] [DEBUG] cheese - admin
[2020-12-25T21:27:38.948] [DEBUG] cheese - null
[2020-12-25T21:27:38.948] [DEBUG] cheese - null
[2020-12-26T09:46:16.317] [DEBUG] cheese - login => username:admin,password:123456
[2020-12-26T09:46:16.319] [DEBUG] cheese - admin
[2020-12-26T09:46:16.369] [DEBUG] cheese - null
[2020-12-26T09:46:16.370] [DEBUG] cheese - null
[2020-12-26T17:58:54.026] [DEBUG] cheese - login => username:admin,password:123456
[2020-12-26T17:58:54.028] [DEBUG] cheese - admin
[2020-12-26T17:58:54.079] [DEBUG] cheese - null
[2020-12-26T17:58:54.079] [DEBUG] cheese - null
[2020-12-26T20:59:21.338] [DEBUG] cheese - login => username:admin,password:123456
[2020-12-26T20:59:21.353] [DEBUG] cheese - admin
[2020-12-26T20:59:23.989] [DEBUG] cheese - null
[2020-12-26T20:59:23.989] [DEBUG] cheese - null
[2020-12-26T20:59:33.521] [DEBUG] cheese - login => username:admin,password:123456
[2020-12-26T20:59:33.522] [DEBUG] cheese - admin
[2020-12-26T20:59:33.531] [DEBUG] cheese - null
[2020-12-26T20:59:33.531] [DEBUG] cheese - null
[2020-12-26T22:18:31.438] [DEBUG] cheese - login => username:admin,password:123456
[2020-12-26T22:18:31.444] [DEBUG] cheese - admin
[2020-12-26T22:18:31.499] [DEBUG] cheese - null
[2020-12-26T22:18:31.500] [DEBUG] cheese - null
[2020-12-27T13:44:39.312] [DEBUG] cheese - login => username:admin,password:123456
[2020-12-27T13:44:39.326] [DEBUG] cheese - admin
[2020-12-27T13:44:39.722] [DEBUG] cheese - null
[2020-12-27T13:44:39.723] [DEBUG] cheese - null
[2020-12-27T20:15:26.349] [DEBUG] cheese - login => username:admin,password:123456
[2020-12-27T20:15:26.367] [DEBUG] cheese - admin
[2020-12-27T20:15:26.387] [DEBUG] cheese - null
[2020-12-27T20:15:26.390] [DEBUG] cheese - null
[2020-12-27T20:19:58.934] [DEBUG] cheese - login => username:admin,password:123456
[2020-12-27T20:19:58.936] [DEBUG] cheese - admin
[2020-12-27T20:19:58.949] [DEBUG] cheese - null
[2020-12-27T20:19:58.950] [DEBUG] cheese - null
[2020-12-27T20:20:34.353] [DEBUG] cheese - login => username:admin,password:123456
[2020-12-27T20:20:34.353] [DEBUG] cheese - admin
[2020-12-27T20:20:34.364] [DEBUG] cheese - null
[2020-12-27T20:20:34.364] [DEBUG] cheese - null
[2020-12-27T20:22:42.483] [DEBUG] cheese - login => username:admin,password:123456
[2020-12-27T20:22:42.486] [DEBUG] cheese - admin
[2020-12-27T20:22:42.495] [DEBUG] cheese - null
[2020-12-27T20:22:42.495] [DEBUG] cheese - null
[2020-12-27T20:46:15.680] [DEBUG] cheese - login => username:admin,password:123456121
[2020-12-27T20:46:15.685] [DEBUG] cheese - admin
[2020-12-27T20:46:15.703] [DEBUG] cheese - null
[2020-12-27T20:46:15.703] [DEBUG] cheese - null
[2020-12-27T20:48:24.505] [DEBUG] cheese - login => username:admin,password:123456
[2020-12-27T20:48:24.508] [DEBUG] cheese - admin
[2020-12-27T20:48:24.568] [DEBUG] cheese - null
[2020-12-27T20:48:24.568] [DEBUG] cheese - null
[2020-12-27T20:48:32.867] [DEBUG] cheese - login => username:admin,password:12345612312
[2020-12-27T20:48:32.868] [DEBUG] cheese - admin
[2020-12-27T20:48:32.869] [DEBUG] cheese - null
[2020-12-27T20:48:32.869] [DEBUG] cheese - null
[2020-12-27T20:48:33.414] [DEBUG] cheese - login => username:admin,password:12345612312
[2020-12-27T20:48:33.414] [DEBUG] cheese - admin
[2020-12-27T20:48:33.415] [DEBUG] cheese - null
[2020-12-27T20:48:33.415] [DEBUG] cheese - null
[2020-12-27T20:48:33.736] [DEBUG] cheese - login => username:admin,password:12345612312
[2020-12-27T20:48:33.736] [DEBUG] cheese - admin
[2020-12-27T20:48:33.737] [DEBUG] cheese - null
[2020-12-27T20:48:33.737] [DEBUG] cheese - null
[2020-12-27T20:48:34.063] [DEBUG] cheese - login => username:admin,password:12345612312
[2020-12-27T20:48:34.063] [DEBUG] cheese - admin
[2020-12-27T20:48:34.068] [DEBUG] cheese - null
[2020-12-27T20:48:34.069] [DEBUG] cheese - null
[2020-12-27T20:48:34.436] [DEBUG] cheese - login => username:admin,password:12345612312
[2020-12-27T20:48:34.436] [DEBUG] cheese - admin
[2020-12-27T20:48:34.444] [DEBUG] cheese - null
[2020-12-27T20:48:34.444] [DEBUG] cheese - null
[2020-12-27T20:48:34.741] [DEBUG] cheese - login => username:admin,password:12345612312
[2020-12-27T20:48:34.741] [DEBUG] cheese - admin
[2020-12-27T20:48:34.743] [DEBUG] cheese - null
[2020-12-27T20:48:34.743] [DEBUG] cheese - null
[2020-12-27T20:48:35.153] [DEBUG] cheese - login => username:admin,password:12345612312
[2020-12-27T20:48:35.153] [DEBUG] cheese - admin
[2020-12-27T20:48:35.154] [DEBUG] cheese - null
[2020-12-27T20:48:35.154] [DEBUG] cheese - null
[2020-12-27T20:48:35.540] [DEBUG] cheese - login => username:admin,password:12345612312
[2020-12-27T20:48:35.540] [DEBUG] cheese - admin
[2020-12-27T20:48:35.547] [DEBUG] cheese - null
[2020-12-27T20:48:35.547] [DEBUG] cheese - null
[2020-12-27T20:48:42.566] [DEBUG] cheese - login => username:admin,password:123456
[2020-12-27T20:48:42.566] [DEBUG] cheese - admin
[2020-12-27T20:48:42.568] [DEBUG] cheese - null
[2020-12-27T20:48:42.568] [DEBUG] cheese - null
[2020-12-27T20:50:57.394] [DEBUG] cheese - login => username:admin,password:123456123
[2020-12-27T20:50:57.395] [DEBUG] cheese - admin
[2020-12-27T20:50:57.400] [DEBUG] cheese - null
[2020-12-27T20:50:57.400] [DEBUG] cheese - null
[2020-12-27T20:50:57.894] [DEBUG] cheese - login => username:admin,password:123456123
[2020-12-27T20:50:57.895] [DEBUG] cheese - admin
[2020-12-27T20:50:57.898] [DEBUG] cheese - null
[2020-12-27T20:50:57.899] [DEBUG] cheese - null
[2020-12-27T20:50:58.323] [DEBUG] cheese - login => username:admin,password:123456123
[2020-12-27T20:50:58.323] [DEBUG] cheese - admin
[2020-12-27T20:50:58.324] [DEBUG] cheese - null
[2020-12-27T20:50:58.325] [DEBUG] cheese - null
[2020-12-27T20:50:58.635] [DEBUG] cheese - login => username:admin,password:123456123
[2020-12-27T20:50:58.636] [DEBUG] cheese - admin
[2020-12-27T20:50:58.638] [DEBUG] cheese - null
[2020-12-27T20:50:58.638] [DEBUG] cheese - null
[2020-12-27T20:50:58.878] [DEBUG] cheese - login => username:admin,password:123456123
[2020-12-27T20:50:58.878] [DEBUG] cheese - admin
[2020-12-27T20:50:58.879] [DEBUG] cheese - null
[2020-12-27T20:50:58.879] [DEBUG] cheese - null
[2020-12-27T20:51:01.699] [DEBUG] cheese - login => username:admin,password:123456
[2020-12-27T20:51:01.700] [DEBUG] cheese - admin
[2020-12-27T20:51:01.712] [DEBUG] cheese - null
[2020-12-27T20:51:01.712] [DEBUG] cheese - null
[2020-12-27T21:23:03.715] [DEBUG] cheese - login => username:admin,password:123456
[2020-12-27T21:23:03.724] [DEBUG] cheese - admin
[2020-12-27T21:23:03.730] [DEBUG] cheese - null
[2020-12-27T21:23:03.730] [DEBUG] cheese - null
[2020-12-28T10:44:53.658] [DEBUG] cheese - login => username:admin,password:123456
[2020-12-28T10:44:53.663] [DEBUG] cheese - admin
[2020-12-28T10:44:53.681] [DEBUG] cheese - login => username:admin,password:123456
[2020-12-28T10:44:53.681] [DEBUG] cheese - admin
[2020-12-28T10:44:53.788] [DEBUG] cheese - null
[2020-12-28T10:44:53.789] [DEBUG] cheese - null
[2020-12-28T10:44:53.915] [DEBUG] cheese - null
[2020-12-28T10:44:53.916] [DEBUG] cheese - null
[2020-12-28T16:19:28.074] [DEBUG] cheese - null
[2020-12-28T16:20:15.631] [DEBUG] cheese - null
[2020-12-28T16:26:03.657] [DEBUG] cheese - null
[2020-12-28T16:32:24.074] [DEBUG] cheese - null
[2020-12-28T20:20:41.936] [DEBUG] cheese - login => username:admin,password:123456
[2020-12-28T20:20:41.956] [DEBUG] cheese - admin
[2020-12-28T20:20:41.988] [DEBUG] cheese - null
[2020-12-28T20:20:41.989] [DEBUG] cheese - null
[2020-12-28T21:52:48.634] [DEBUG] cheese - login => username:admin,password:123456
[2020-12-28T21:52:48.646] [DEBUG] cheese - admin
[2020-12-28T21:52:48.704] [DEBUG] cheese - null
[2020-12-28T21:52:48.704] [DEBUG] cheese - null
[2020-12-28T22:00:09.723] [DEBUG] cheese - login => username:admin,password:123456
[2020-12-28T22:00:09.725] [DEBUG] cheese - admin
[2020-12-28T22:00:09.737] [DEBUG] cheese - null
[2020-12-28T22:00:09.737] [DEBUG] cheese - null
[2020-12-28T22:00:23.417] [DEBUG] cheese - null
[2020-12-28T22:11:25.048] [DEBUG] cheese - login => username:admin,password:123456
[2020-12-28T22:11:25.054] [DEBUG] cheese - admin
[2020-12-28T22:11:25.073] [DEBUG] cheese - null
[2020-12-28T22:11:25.074] [DEBUG] cheese - null
[2020-12-29T09:46:15.213] [DEBUG] cheese - login => username:admin,password:123456
[2020-12-29T09:46:15.214] [DEBUG] cheese - admin
[2020-12-29T09:46:15.268] [DEBUG] cheese - null
[2020-12-29T09:46:15.269] [DEBUG] cheese - null
[2020-12-29T11:35:22.273] [DEBUG] cheese - login => username:admin,password:123456
[2020-12-29T11:35:22.275] [DEBUG] cheese - admin
[2020-12-29T11:35:22.286] [DEBUG] cheese - null
[2020-12-29T11:35:22.287] [DEBUG] cheese - null
[2020-12-29T11:41:08.567] [DEBUG] cheese - login => username:admin,password:123456
[2020-12-29T11:41:08.571] [DEBUG] cheese - admin
[2020-12-29T11:41:08.587] [DEBUG] cheese - null
[2020-12-29T11:41:08.588] [DEBUG] cheese - null
[2020-12-29T15:42:30.255] [DEBUG] cheese - login => username:admin,password:123456
[2020-12-29T15:42:30.266] [DEBUG] cheese - admin
[2020-12-29T15:42:30.275] [DEBUG] cheese - null
[2020-12-29T15:42:30.276] [DEBUG] cheese - null
[2020-12-30T20:04:10.887] [DEBUG] cheese - login => username:admin,password:123456
[2020-12-30T20:04:10.889] [DEBUG] cheese - admin
[2020-12-30T20:04:10.995] [DEBUG] cheese - null
[2020-12-30T20:04:10.996] [DEBUG] cheese - null
[2020-12-31T09:35:10.379] [DEBUG] cheese - login => username:admin,password:123456
[2020-12-31T09:35:10.381] [DEBUG] cheese - admin
[2020-12-31T09:35:10.474] [DEBUG] cheese - null
[2020-12-31T09:35:10.475] [DEBUG] cheese - null
[2020-12-31T10:02:45.894] [DEBUG] cheese - login => username:admin,password:123456
[2020-12-31T10:02:45.936] [DEBUG] cheese - admin
[2020-12-31T10:02:45.951] [DEBUG] cheese - null
[2020-12-31T10:02:45.967] [DEBUG] cheese - null
[2021-01-01T13:46:40.273] [DEBUG] cheese - login => username:admin,password:123456
[2021-01-01T13:46:40.280] [DEBUG] cheese - admin
[2021-01-01T13:46:40.766] [DEBUG] cheese - null
[2021-01-01T13:46:40.767] [DEBUG] cheese - null
[2021-01-01T13:58:11.951] [DEBUG] cheese - login => username:admin,password:123456
[2021-01-01T13:58:11.959] [DEBUG] cheese - admin
[2021-01-01T13:58:11.965] [DEBUG] cheese - login => username:admin,password:123456
[2021-01-01T13:58:11.965] [DEBUG] cheese - admin
[2021-01-01T13:58:11.967] [DEBUG] cheese - null
[2021-01-01T13:58:11.969] [DEBUG] cheese - null
[2021-01-01T13:58:12.062] [DEBUG] cheese - null
[2021-01-01T13:58:12.063] [DEBUG] cheese - null
[2021-01-02T08:36:47.298] [DEBUG] cheese - login => username:admin,password:123456
[2021-01-02T08:36:47.302] [DEBUG] cheese - admin
[2021-01-02T08:36:47.416] [DEBUG] cheese - null
[2021-01-02T08:36:47.416] [DEBUG] cheese - null
[2021-01-02T19:17:51.275] [DEBUG] cheese - login => username:admin,password:123456
[2021-01-02T19:17:51.286] [DEBUG] cheese - admin
[2021-01-02T19:17:51.310] [DEBUG] cheese - null
[2021-01-02T19:17:51.311] [DEBUG] cheese - null
[2021-01-02T20:08:38.635] [DEBUG] cheese - login => username:admin,password:123456
[2021-01-02T20:08:38.637] [DEBUG] cheese - admin
[2021-01-02T20:08:38.651] [DEBUG] cheese - null
[2021-01-02T20:08:38.652] [DEBUG] cheese - null
[2021-01-02T20:24:14.852] [DEBUG] cheese - login => username:admin,password:123456
[2021-01-02T20:24:14.855] [DEBUG] cheese - admin
[2021-01-02T20:24:14.865] [DEBUG] cheese - null
[2021-01-02T20:24:14.866] [DEBUG] cheese - null
[2021-01-02T20:49:53.761] [DEBUG] cheese - login => username:admin,password:123456
[2021-01-02T20:49:53.768] [DEBUG] cheese - admin
[2021-01-02T20:49:53.776] [DEBUG] cheese - null
[2021-01-02T20:49:53.777] [DEBUG] cheese - null
[2021-01-02T21:50:32.549] [DEBUG] cheese - login => username:admin,password:123456
[2021-01-02T21:50:32.564] [DEBUG] cheese - admin
[2021-01-02T21:50:32.577] [DEBUG] cheese - null
[2021-01-02T21:50:32.579] [DEBUG] cheese - null
[2021-01-02T22:05:44.822] [DEBUG] cheese - login => username:admin,password:123456
[2021-01-02T22:05:44.825] [DEBUG] cheese - admin
[2021-01-02T22:05:44.835] [DEBUG] cheese - null
[2021-01-02T22:05:44.835] [DEBUG] cheese - null
[2021-01-03T16:46:08.665] [DEBUG] cheese - login => username:admin,password:123456
[2021-01-03T16:46:08.668] [DEBUG] cheese - admin
[2021-01-03T16:46:08.719] [DEBUG] cheese - null
[2021-01-03T16:46:08.721] [DEBUG] cheese - null
[2021-01-03T18:38:23.082] [DEBUG] cheese - login => username:admin,password:123456
[2021-01-03T18:38:23.085] [DEBUG] cheese - admin
[2021-01-03T18:38:23.182] [DEBUG] cheese - null
[2021-01-03T18:38:23.183] [DEBUG] cheese - null
[2021-01-03T19:29:35.663] [DEBUG] cheese - login => username:admin,password:123456
[2021-01-03T19:29:35.668] [DEBUG] cheese - admin
[2021-01-03T19:29:35.713] [DEBUG] cheese - null
[2021-01-03T19:29:35.714] [DEBUG] cheese - null
[2021-01-03T19:45:01.443] [DEBUG] cheese - login => username:admin,password:123456
[2021-01-03T19:45:01.459] [DEBUG] cheese - admin
[2021-01-03T19:45:01.496] [DEBUG] cheese - null
[2021-01-03T19:45:01.498] [DEBUG] cheese - null
